{"/home/tang/workspace/coding-note/js-alg/src/BST/index.ts": {"path":"/home/tang/workspace/coding-note/js-alg/src/BST/index.ts","statementMap":{"0":{"start":{"line":12,"column":4},"end":{"line":12,"column":null}},"1":{"start":{"line":13,"column":4},"end":{"line":13,"column":null}},"2":{"start":{"line":14,"column":4},"end":{"line":14,"column":null}},"3":{"start":{"line":29,"column":4},"end":{"line":29,"column":null}},"4":{"start":{"line":32,"column":4},"end":{"line":35,"column":null}},"5":{"start":{"line":33,"column":6},"end":{"line":33,"column":null}},"6":{"start":{"line":34,"column":6},"end":{"line":34,"column":null}},"7":{"start":{"line":36,"column":22},"end":{"line":36,"column":31}},"8":{"start":{"line":37,"column":4},"end":{"line":51,"column":null}},"9":{"start":{"line":38,"column":6},"end":{"line":50,"column":null}},"10":{"start":{"line":39,"column":8},"end":{"line":42,"column":null}},"11":{"start":{"line":40,"column":10},"end":{"line":40,"column":null}},"12":{"start":{"line":41,"column":10},"end":{"line":41,"column":null}},"13":{"start":{"line":43,"column":8},"end":{"line":43,"column":null}},"14":{"start":{"line":44,"column":13},"end":{"line":50,"column":null}},"15":{"start":{"line":45,"column":8},"end":{"line":48,"column":null}},"16":{"start":{"line":46,"column":10},"end":{"line":46,"column":null}},"17":{"start":{"line":47,"column":10},"end":{"line":47,"column":null}},"18":{"start":{"line":49,"column":8},"end":{"line":49,"column":null}},"19":{"start":{"line":54,"column":4},"end":{"line":54,"column":26}},"20":{"start":{"line":54,"column":20},"end":{"line":54,"column":26}},"21":{"start":{"line":55,"column":22},"end":{"line":55,"column":31}},"22":{"start":{"line":56,"column":22},"end":{"line":69,"column":5}},"23":{"start":{"line":60,"column":6},"end":{"line":68,"column":null}},"24":{"start":{"line":61,"column":8},"end":{"line":61,"column":null}},"25":{"start":{"line":62,"column":13},"end":{"line":68,"column":null}},"26":{"start":{"line":63,"column":8},"end":{"line":63,"column":35}},"27":{"start":{"line":63,"column":29},"end":{"line":63,"column":35}},"28":{"start":{"line":64,"column":8},"end":{"line":64,"column":null}},"29":{"start":{"line":65,"column":13},"end":{"line":68,"column":null}},"30":{"start":{"line":66,"column":8},"end":{"line":66,"column":34}},"31":{"start":{"line":66,"column":28},"end":{"line":66,"column":34}},"32":{"start":{"line":67,"column":8},"end":{"line":67,"column":null}},"33":{"start":{"line":70,"column":19},"end":{"line":70,"column":48}},"34":{"start":{"line":71,"column":4},"end":{"line":71,"column":null}},"35":{"start":{"line":26,"column":0},"end":{"line":26,"column":21}}},"fnMap":{"0":{"name":"(anonymous_0)","decl":{"start":{"line":11,"column":2},"end":{"line":11,"column":14}},"loc":{"start":{"line":11,"column":27},"end":{"line":15,"column":3}}},"1":{"name":"(anonymous_1)","decl":{"start":{"line":28,"column":2},"end":{"line":28,"column":null}},"loc":{"start":{"line":28,"column":2},"end":{"line":30,"column":3}}},"2":{"name":"(anonymous_2)","decl":{"start":{"line":31,"column":9},"end":{"line":31,"column":15}},"loc":{"start":{"line":31,"column":29},"end":{"line":52,"column":3}}},"3":{"name":"(anonymous_3)","decl":{"start":{"line":53,"column":9},"end":{"line":53,"column":15}},"loc":{"start":{"line":53,"column":29},"end":{"line":72,"column":3}}},"4":{"name":"(anonymous_4)","decl":{"start":{"line":56,"column":22},"end":{"line":56,"column":null}},"loc":{"start":{"line":59,"column":30},"end":{"line":69,"column":5}}}},"branchMap":{"0":{"loc":{"start":{"line":32,"column":4},"end":{"line":35,"column":null}},"type":"if","locations":[{"start":{"line":32,"column":4},"end":{"line":35,"column":null}}]},"1":{"loc":{"start":{"line":38,"column":6},"end":{"line":50,"column":null}},"type":"if","locations":[{"start":{"line":38,"column":6},"end":{"line":50,"column":null}},{"start":{"line":44,"column":13},"end":{"line":50,"column":null}}]},"2":{"loc":{"start":{"line":39,"column":8},"end":{"line":42,"column":null}},"type":"if","locations":[{"start":{"line":39,"column":8},"end":{"line":42,"column":null}}]},"3":{"loc":{"start":{"line":44,"column":13},"end":{"line":50,"column":null}},"type":"if","locations":[{"start":{"line":44,"column":13},"end":{"line":50,"column":null}}]},"4":{"loc":{"start":{"line":45,"column":8},"end":{"line":48,"column":null}},"type":"if","locations":[{"start":{"line":45,"column":8},"end":{"line":48,"column":null}}]},"5":{"loc":{"start":{"line":54,"column":4},"end":{"line":54,"column":26}},"type":"if","locations":[{"start":{"line":54,"column":4},"end":{"line":54,"column":26}}]},"6":{"loc":{"start":{"line":60,"column":6},"end":{"line":68,"column":null}},"type":"if","locations":[{"start":{"line":60,"column":6},"end":{"line":68,"column":null}},{"start":{"line":62,"column":13},"end":{"line":68,"column":null}}]},"7":{"loc":{"start":{"line":62,"column":13},"end":{"line":68,"column":null}},"type":"if","locations":[{"start":{"line":62,"column":13},"end":{"line":68,"column":null}},{"start":{"line":65,"column":13},"end":{"line":68,"column":null}}]},"8":{"loc":{"start":{"line":63,"column":8},"end":{"line":63,"column":35}},"type":"if","locations":[{"start":{"line":63,"column":8},"end":{"line":63,"column":35}}]},"9":{"loc":{"start":{"line":65,"column":13},"end":{"line":68,"column":null}},"type":"if","locations":[{"start":{"line":65,"column":13},"end":{"line":68,"column":null}}]},"10":{"loc":{"start":{"line":66,"column":8},"end":{"line":66,"column":34}},"type":"if","locations":[{"start":{"line":66,"column":8},"end":{"line":66,"column":34}}]}},"s":{"0":6,"1":6,"2":6,"3":1,"4":6,"5":1,"6":1,"7":5,"8":5,"9":8,"10":5,"11":3,"12":3,"13":2,"14":3,"15":3,"16":2,"17":2,"18":1,"19":3,"20":0,"21":3,"22":3,"23":7,"24":2,"25":5,"26":4,"27":1,"28":3,"29":1,"30":1,"31":0,"32":1,"33":3,"34":3,"35":1},"f":{"0":6,"1":1,"2":6,"3":3,"4":7},"b":{"0":[1],"1":[5,3],"2":[3],"3":[3],"4":[2],"5":[0],"6":[2,5],"7":[4,1],"8":[1],"9":[1],"10":[0]}}
}
