{"/home/tang/workspace/ts-algorithm/src/BST/index.ts": {"path":"/home/tang/workspace/ts-algorithm/src/BST/index.ts","statementMap":{"0":{"start":{"line":12,"column":4},"end":{"line":12,"column":23}},"1":{"start":{"line":13,"column":4},"end":{"line":13,"column":21}},"2":{"start":{"line":14,"column":4},"end":{"line":14,"column":22}},"3":{"start":{"line":21,"column":4},"end":{"line":21,"column":21}},"4":{"start":{"line":25,"column":4},"end":{"line":25,"column":16}},"5":{"start":{"line":28,"column":4},"end":{"line":31,"column":null}},"6":{"start":{"line":29,"column":6},"end":{"line":29,"column":38}},"7":{"start":{"line":30,"column":6},"end":{"line":30,"column":18}},"8":{"start":{"line":32,"column":22},"end":{"line":32,"column":31}},"9":{"start":{"line":33,"column":4},"end":{"line":47,"column":null}},"10":{"start":{"line":34,"column":6},"end":{"line":46,"column":null}},"11":{"start":{"line":35,"column":8},"end":{"line":38,"column":null}},"12":{"start":{"line":36,"column":10},"end":{"line":36,"column":50}},"13":{"start":{"line":37,"column":10},"end":{"line":37,"column":22}},"14":{"start":{"line":39,"column":8},"end":{"line":39,"column":40}},"15":{"start":{"line":40,"column":13},"end":{"line":46,"column":null}},"16":{"start":{"line":41,"column":8},"end":{"line":44,"column":null}},"17":{"start":{"line":42,"column":10},"end":{"line":42,"column":49}},"18":{"start":{"line":43,"column":10},"end":{"line":43,"column":22}},"19":{"start":{"line":45,"column":8},"end":{"line":45,"column":39}},"20":{"start":{"line":58,"column":4},"end":{"line":66,"column":null}},"21":{"start":{"line":59,"column":6},"end":{"line":59,"column":47}},"22":{"start":{"line":60,"column":11},"end":{"line":66,"column":null}},"23":{"start":{"line":61,"column":6},"end":{"line":61,"column":34}},"24":{"start":{"line":61,"column":27},"end":{"line":61,"column":34}},"25":{"start":{"line":62,"column":6},"end":{"line":62,"column":79}},"26":{"start":{"line":63,"column":11},"end":{"line":66,"column":null}},"27":{"start":{"line":64,"column":6},"end":{"line":64,"column":33}},"28":{"start":{"line":64,"column":26},"end":{"line":64,"column":33}},"29":{"start":{"line":65,"column":6},"end":{"line":65,"column":77}},"30":{"start":{"line":69,"column":4},"end":{"line":69,"column":27}},"31":{"start":{"line":69,"column":20},"end":{"line":69,"column":27}},"32":{"start":{"line":70,"column":22},"end":{"line":70,"column":31}},"33":{"start":{"line":71,"column":26},"end":{"line":71,"column":69}},"34":{"start":{"line":72,"column":4},"end":{"line":72,"column":31}},"35":{"start":{"line":72,"column":24},"end":{"line":72,"column":31}},"36":{"start":{"line":73,"column":4},"end":{"line":73,"column":34}},"37":{"start":{"line":76,"column":4},"end":{"line":76,"column":46}},"38":{"start":{"line":76,"column":27},"end":{"line":76,"column":46}},"39":{"start":{"line":77,"column":4},"end":{"line":77,"column":45}},"40":{"start":{"line":18,"column":0},"end":{"line":18,"column":21}}},"fnMap":{"0":{"name":"(anonymous_0)","decl":{"start":{"line":11,"column":2},"end":{"line":11,"column":14}},"loc":{"start":{"line":11,"column":27},"end":{"line":15,"column":3}}},"1":{"name":"(anonymous_1)","decl":{"start":{"line":20,"column":2},"end":{"line":20,"column":null}},"loc":{"start":{"line":20,"column":2},"end":{"line":22,"column":3}}},"2":{"name":"(anonymous_2)","decl":{"start":{"line":24,"column":9},"end":{"line":24,"column":13}},"loc":{"start":{"line":24,"column":13},"end":{"line":26,"column":3}}},"3":{"name":"(anonymous_3)","decl":{"start":{"line":27,"column":9},"end":{"line":27,"column":15}},"loc":{"start":{"line":27,"column":29},"end":{"line":48,"column":3}}},"4":{"name":"(anonymous_4)","decl":{"start":{"line":50,"column":10},"end":{"line":50,"column":28}},"loc":{"start":{"line":54,"column":30},"end":{"line":67,"column":3}}},"5":{"name":"(anonymous_5)","decl":{"start":{"line":68,"column":9},"end":{"line":68,"column":15}},"loc":{"start":{"line":68,"column":29},"end":{"line":74,"column":3}}},"6":{"name":"(anonymous_6)","decl":{"start":{"line":75,"column":10},"end":{"line":75,"column":20}},"loc":{"start":{"line":75,"column":42},"end":{"line":78,"column":3}}}},"branchMap":{"0":{"loc":{"start":{"line":28,"column":4},"end":{"line":31,"column":null}},"type":"if","locations":[{"start":{"line":28,"column":4},"end":{"line":31,"column":null}}]},"1":{"loc":{"start":{"line":34,"column":6},"end":{"line":46,"column":null}},"type":"if","locations":[{"start":{"line":34,"column":6},"end":{"line":46,"column":null}},{"start":{"line":40,"column":13},"end":{"line":46,"column":null}}]},"2":{"loc":{"start":{"line":35,"column":8},"end":{"line":38,"column":null}},"type":"if","locations":[{"start":{"line":35,"column":8},"end":{"line":38,"column":null}}]},"3":{"loc":{"start":{"line":40,"column":13},"end":{"line":46,"column":null}},"type":"if","locations":[{"start":{"line":40,"column":13},"end":{"line":46,"column":null}}]},"4":{"loc":{"start":{"line":41,"column":8},"end":{"line":44,"column":null}},"type":"if","locations":[{"start":{"line":41,"column":8},"end":{"line":44,"column":null}}]},"5":{"loc":{"start":{"line":58,"column":4},"end":{"line":66,"column":null}},"type":"if","locations":[{"start":{"line":58,"column":4},"end":{"line":66,"column":null}},{"start":{"line":60,"column":11},"end":{"line":66,"column":null}}]},"6":{"loc":{"start":{"line":60,"column":11},"end":{"line":66,"column":null}},"type":"if","locations":[{"start":{"line":60,"column":11},"end":{"line":66,"column":null}},{"start":{"line":63,"column":11},"end":{"line":66,"column":null}}]},"7":{"loc":{"start":{"line":61,"column":6},"end":{"line":61,"column":34}},"type":"if","locations":[{"start":{"line":61,"column":6},"end":{"line":61,"column":34}}]},"8":{"loc":{"start":{"line":63,"column":11},"end":{"line":66,"column":null}},"type":"if","locations":[{"start":{"line":63,"column":11},"end":{"line":66,"column":null}}]},"9":{"loc":{"start":{"line":64,"column":6},"end":{"line":64,"column":33}},"type":"if","locations":[{"start":{"line":64,"column":6},"end":{"line":64,"column":33}}]},"10":{"loc":{"start":{"line":69,"column":4},"end":{"line":69,"column":27}},"type":"if","locations":[{"start":{"line":69,"column":4},"end":{"line":69,"column":27}}]},"11":{"loc":{"start":{"line":72,"column":4},"end":{"line":72,"column":31}},"type":"if","locations":[{"start":{"line":72,"column":4},"end":{"line":72,"column":31}}]},"12":{"loc":{"start":{"line":76,"column":4},"end":{"line":76,"column":46}},"type":"if","locations":[{"start":{"line":76,"column":4},"end":{"line":76,"column":46}}]}},"s":{"0":6,"1":6,"2":6,"3":1,"4":1,"5":6,"6":1,"7":1,"8":5,"9":5,"10":8,"11":5,"12":3,"13":3,"14":2,"15":3,"16":3,"17":2,"18":2,"19":1,"20":7,"21":2,"22":5,"23":4,"24":1,"25":3,"26":1,"27":1,"28":0,"29":1,"30":3,"31":0,"32":3,"33":3,"34":3,"35":1,"36":2,"37":0,"38":0,"39":0,"40":1},"f":{"0":6,"1":1,"2":1,"3":6,"4":7,"5":3,"6":0},"b":{"0":[1],"1":[5,3],"2":[3],"3":[3],"4":[2],"5":[2,5],"6":[4,1],"7":[1],"8":[1],"9":[0],"10":[0],"11":[1],"12":[0]}}
}
