TN:
SF:src/BST/index.ts
FN:11,(anonymous_0)
FN:20,(anonymous_1)
FN:24,(anonymous_2)
FN:27,(anonymous_3)
FN:50,(anonymous_4)
FN:68,(anonymous_5)
FN:75,(anonymous_6)
FNF:7
FNH:6
FNDA:6,(anonymous_0)
FNDA:1,(anonymous_1)
FNDA:1,(anonymous_2)
FNDA:6,(anonymous_3)
FNDA:7,(anonymous_4)
FNDA:3,(anonymous_5)
FNDA:0,(anonymous_6)
DA:12,6
DA:13,6
DA:14,6
DA:18,1
DA:21,1
DA:25,1
DA:28,6
DA:29,1
DA:30,1
DA:32,5
DA:33,5
DA:34,8
DA:35,5
DA:36,3
DA:37,3
DA:39,2
DA:40,3
DA:41,3
DA:42,2
DA:43,2
DA:45,1
DA:58,7
DA:59,2
DA:60,5
DA:61,4
DA:62,3
DA:63,1
DA:64,1
DA:65,1
DA:69,3
DA:70,3
DA:71,3
DA:72,3
DA:73,2
DA:76,0
DA:77,0
LF:36
LH:34
BRDA:28,0,0,1
BRDA:34,1,0,5
BRDA:34,1,1,3
BRDA:35,2,0,3
BRDA:40,3,0,3
BRDA:41,4,0,2
BRDA:58,5,0,2
BRDA:58,5,1,5
BRDA:60,6,0,4
BRDA:60,6,1,1
BRDA:61,7,0,1
BRDA:63,8,0,1
BRDA:64,9,0,0
BRDA:69,10,0,0
BRDA:72,11,0,1
BRDA:76,12,0,0
BRF:16
BRH:13
end_of_record
