TN:
SF:src/BST/index.ts
FN:7,(anonymous_0)
FN:15,(anonymous_1)
FN:19,(anonymous_2)
FN:22,(anonymous_3)
FN:45,(anonymous_4)
FN:63,(anonymous_5)
FN:70,(anonymous_6)
FN:75,(anonymous_7)
FNF:8
FNH:7
FNDA:8,(anonymous_0)
FNDA:1,(anonymous_1)
FNDA:4,(anonymous_2)
FNDA:8,(anonymous_3)
FNDA:7,(anonymous_4)
FNDA:3,(anonymous_5)
FNDA:0,(anonymous_6)
FNDA:3,(anonymous_7)
DA:8,8
DA:9,8
DA:10,8
DA:13,1
DA:16,1
DA:20,4
DA:23,8
DA:24,1
DA:25,1
DA:27,7
DA:28,7
DA:29,12
DA:30,6
DA:31,3
DA:32,3
DA:34,3
DA:35,6
DA:36,6
DA:37,4
DA:38,4
DA:40,2
DA:53,7
DA:54,2
DA:55,5
DA:56,4
DA:57,3
DA:58,1
DA:59,1
DA:60,1
DA:64,3
DA:65,3
DA:66,3
DA:67,3
DA:68,2
DA:71,0
DA:72,0
DA:76,3
DA:77,0
DA:79,3
DA:80,3
DA:82,3
DA:83,6
DA:85,2
DA:86,2
DA:87,4
DA:89,1
DA:90,1
DA:94,3
DA:95,1
DA:96,0
DA:98,1
DA:100,1
DA:104,2
DA:105,0
DA:106,0
DA:108,0
DA:109,0
DA:111,0
DA:115,0
DA:117,2
DA:118,1
DA:119,1
DA:123,1
DA:124,1
DA:125,1
DA:126,1
DA:128,0
DA:129,0
DA:134,0
DA:135,0
DA:137,0
DA:138,0
DA:139,0
DA:140,0
DA:142,1
DA:147,0
LF:76
LH:57
BRDA:23,0,0,1
BRDA:29,1,0,6
BRDA:29,1,1,6
BRDA:30,2,0,3
BRDA:35,3,0,6
BRDA:36,4,0,4
BRDA:53,5,0,2
BRDA:53,5,1,5
BRDA:55,6,0,4
BRDA:55,6,1,1
BRDA:56,7,0,1
BRDA:58,8,0,1
BRDA:59,9,0,0
BRDA:64,10,0,0
BRDA:67,11,0,1
BRDA:71,12,0,0
BRDA:76,13,0,0
BRDA:83,14,0,2
BRDA:83,14,1,4
BRDA:87,15,0,1
BRDA:87,15,1,3
BRDA:94,16,0,1
BRDA:94,16,1,2
BRDA:94,17,0,3
BRDA:94,17,1,2
BRDA:94,17,2,1
BRDA:95,18,0,0
BRDA:95,18,1,1
BRDA:104,19,0,0
BRDA:104,19,1,2
BRDA:105,20,0,0
BRDA:105,20,1,0
BRDA:108,21,0,0
BRDA:108,21,1,0
BRDA:117,22,0,1
BRDA:123,23,0,1
BRDA:123,23,1,0
BRDA:124,24,0,1
BRDA:124,24,1,0
BRF:39
BRH:27
end_of_record
TN:
SF:src/BST/utils/index.ts
FN:2,traverse
FNF:1
FNH:1
FNDA:6,traverse
DA:2,1
DA:3,6
DA:4,6
DA:5,6
DA:6,6
LF:5
LH:5
BRDA:4,0,0,3
BRDA:4,0,1,3
BRDA:5,1,0,4
BRDA:5,1,1,2
BRF:4
BRH:4
end_of_record
